<?xml version="1.0" encoding="UTF-8"?>
<testsuites>
	<testsuite tests="2" errors="0" failures="0" time="0.009" timestamp="2015-05-21T14:46:42">
		<testcase classname="#startEnd" name="returns an array of matches for &amp;apos;hello&amp;apos; and &amp;apos;world&amp;apos;" time="0.005">
		</testcase>
		<testcase classname="#startEnd" name="returns an array of matches for &amp;apos;Mary&amp;apos; and &amp;apos;little lamb&amp;apos;" time="0.001">
		</testcase>
	</testsuite>
</testsuites>

