<?xml version="1.0" encoding="UTF-8"?>
<testsuites>
	<testsuite tests="2" errors="0" failures="0" time="0.001" timestamp="2015-05-21T14:46:42">
		<testcase classname="#willSaraEatIt" name="returns true if the word starts with &amp;apos;c&amp;apos; or &amp;apos;C&amp;apos;" time="0">
		</testcase>
		<testcase classname="#willSaraEatIt" name="returns false if the word doesn&amp;apos;t start with &amp;apos;c&amp;apos;" time="0.001">
		</testcase>
	</testsuite>
</testsuites>

