<?xml version="1.0" encoding="UTF-8"?>
<testsuites>
	<testsuite tests="2" errors="0" failures="0" time="0.002" timestamp="2015-05-21T14:46:42">
		<testcase classname="#matchRaptor" name="returns the species name if it ends with &amp;apos;raptor&amp;apos;" time="0.001">
		</testcase>
		<testcase classname="#matchRaptor" name="returns &amp;apos;___ not a raptor&amp;apos; if string doesn&amp;apos;t end with raptor" time="0.001">
		</testcase>
	</testsuite>
</testsuites>

