<?xml version="1.0" encoding="UTF-8"?>
<testsuites>
	<testsuite tests="2" errors="0" failures="0" time="0.002" timestamp="2015-05-21T14:46:42">
		<testcase classname="#matchFeatherLike" name="returns the word if it matches &amp;apos;quill&amp;apos;, &amp;apos;plume&amp;apos;, &amp;apos;feather&amp;apos;, or &amp;apos;fluff&amp;apos;" time="0.001">
		</testcase>
		<testcase classname="#matchFeatherLike" name="returns &amp;apos;no match found&amp;apos; if it doesn&amp;apos;t match a feather-like word" time="0.001">
		</testcase>
	</testsuite>
</testsuites>

